<?xml version="1.0" encoding="UTF-8"?>
<testng-results total="1" passed="1" failed="0" skipped="0">
  <reporter-output>
    <line>
      <![CDATA[APPLICATION IS OPEN]]>
    </line>
    <line>
      <![CDATA[APPLICATION LOGIN]]>
    </line>
    <line>
      <![CDATA[APPLICATION LOGOUT]]>
    </line>
  </reporter-output>
  <suite started-at="2021-06-19T06:27:05Z" name="Suite1" finished-at="2021-06-19T06:27:26Z" duration-ms="20368">
    <groups>
    </groups>
    <test started-at="2021-06-19T06:27:05Z" name="Nopackage" finished-at="2021-06-19T06:27:26Z" duration-ms="20368">
      <class name="com.hrms.testscripts.TC_001">
        <test-method signature="tc001()[pri:0, instance:com.hrms.testscripts.TC_001@43015c69]" started-at="2021-06-19T11:57:05Z" name="tc001" finished-at="2021-06-19T11:57:26Z" duration-ms="20349" status="PASS">
          <reporter-output>
            <line>
              <![CDATA[APPLICATION IS OPEN]]>
            </line>
            <line>
              <![CDATA[APPLICATION LOGIN]]>
            </line>
            <line>
              <![CDATA[APPLICATION LOGOUT]]>
            </line>
          </reporter-output>
        </test-method> <!-- tc001 -->
      </class> <!-- com.hrms.testscripts.TC_001 -->
    </test> <!-- Nopackage -->
  </suite> <!-- Suite1 -->
</testng-results>
